2025-10-27 17:07:02,995 - utils.logger - INFO - Logging system initialized
2025-10-27 17:07:13,738 - core.detector - INFO - Monitoring loop started
2025-10-27 17:07:13,738 - core.detector - INFO - Screen Capture Detector started
2025-10-27 17:07:13,752 - core.detector - ERROR - Error checking processes: can only join an iterable
2025-10-27 17:07:13,755 - gui.main_window - INFO - Monitoring started by user
2025-10-27 17:07:14,847 - core.detector - ERROR - Error checking processes: can only join an iterable
2025-10-27 17:07:15,863 - core.detector - ERROR - Error checking processes: can only join an iterable
2025-10-27 17:07:16,878 - core.detector - ERROR - Error checking processes: can only join an iterable
2025-10-27 17:07:17,894 - core.detector - ERROR - Error checking processes: can only join an iterable
2025-10-27 17:07:18,909 - core.detector - ERROR - Error checking processes: can only join an iterable
2025-10-27 17:07:19,924 - core.detector - ERROR - Error checking processes: can only join an iterable
2025-10-27 17:07:20,940 - core.detector - ERROR - Error checking processes: can only join an iterable
2025-10-27 17:07:21,955 - core.detector - ERROR - Error checking processes: can only join an iterable
2025-10-27 17:07:22,972 - core.detector - ERROR - Error checking processes: can only join an iterable
2025-10-27 17:07:23,987 - core.detector - ERROR - Error checking processes: can only join an iterable
2025-10-27 17:07:25,004 - core.detector - ERROR - Error checking processes: can only join an iterable
2025-10-27 17:07:26,019 - core.detector - ERROR - Error checking processes: can only join an iterable
2025-10-27 17:07:27,036 - core.detector - ERROR - Error checking processes: can only join an iterable
2025-10-27 17:07:28,052 - core.detector - ERROR - Error checking processes: can only join an iterable
2025-10-27 17:07:29,067 - core.detector - ERROR - Error checking processes: can only join an iterable
2025-10-27 17:07:30,083 - core.detector - ERROR - Error checking processes: can only join an iterable
2025-10-27 17:07:31,102 - core.detector - ERROR - Error checking processes: can only join an iterable
2025-10-27 17:07:32,117 - core.detector - ERROR - Error checking processes: can only join an iterable
2025-10-27 17:07:33,131 - core.detector - ERROR - Error checking processes: can only join an iterable
2025-10-27 17:07:34,148 - core.detector - ERROR - Error checking processes: can only join an iterable
2025-10-27 17:07:35,163 - core.detector - ERROR - Error checking processes: can only join an iterable
2025-10-27 17:07:36,179 - core.detector - ERROR - Error checking processes: can only join an iterable
2025-10-27 17:07:37,196 - core.detector - ERROR - Error checking processes: can only join an iterable
2025-10-27 17:07:38,214 - core.detector - ERROR - Error checking processes: can only join an iterable
2025-10-27 17:07:39,228 - core.detector - ERROR - Error checking processes: can only join an iterable
2025-10-27 17:07:40,244 - core.detector - ERROR - Error checking processes: can only join an iterable
2025-10-27 17:07:41,261 - core.detector - ERROR - Error checking processes: can only join an iterable
2025-10-27 17:07:42,277 - core.detector - ERROR - Error checking processes: can only join an iterable
2025-10-27 17:07:43,294 - core.detector - ERROR - Error checking processes: can only join an iterable
2025-10-27 17:07:44,309 - core.detector - ERROR - Error checking processes: can only join an iterable
2025-10-27 17:07:45,325 - core.detector - ERROR - Error checking processes: can only join an iterable
2025-10-27 17:07:46,340 - core.detector - ERROR - Error checking processes: can only join an iterable
2025-10-27 17:07:47,355 - core.detector - ERROR - Error checking processes: can only join an iterable
2025-10-27 17:07:48,370 - core.detector - ERROR - Error checking processes: can only join an iterable
2025-10-27 17:07:49,386 - core.detector - ERROR - Error checking processes: can only join an iterable
2025-10-27 17:07:50,401 - core.detector - ERROR - Error checking processes: can only join an iterable
2025-10-27 17:07:51,418 - core.detector - ERROR - Error checking processes: can only join an iterable
2025-10-27 17:07:52,420 - core.detector - INFO - Screen Capture Detector stopped
2025-10-27 17:07:52,421 - gui.main_window - INFO - Monitoring stopped by user
2025-10-27 17:09:16,158 - utils.logger - INFO - Logging system initialized
2025-10-27 17:09:16,159 - utils.logger - INFO - Test log message
2025-10-27 17:35:25,970 - utils.logger - INFO - Logging system initialized
2025-10-27 17:35:28,686 - core.detector - INFO - Monitoring loop started
2025-10-27 17:35:28,686 - core.detector - INFO - Screen Capture Detector started
2025-10-27 17:35:28,794 - gui.main_window - INFO - Monitoring started by user
2025-10-27 17:35:28,799 - core.detector - WARNING - Screen capture detected: Code.exe (PID: 2216) - Risk: HIGH
2025-10-27 17:35:29,097 - core.detector - WARNING - Screen capture detected: WMIRegistrationService.exe (PID: 5284) - Risk: CRITICAL
2025-10-27 17:35:29,330 - core.detector - WARNING - Screen capture detected: Code.exe (PID: 19904) - Risk: HIGH
2025-10-27 17:35:29,366 - core.detector - WARNING - Screen capture detected: Code.exe (PID: 20888) - Risk: CRITICAL
2025-10-27 17:35:29,381 - core.detector - WARNING - Screen capture detected: Code.exe (PID: 21252) - Risk: HIGH
2025-10-27 17:35:29,408 - core.detector - WARNING - Screen capture detected: Code.exe (PID: 22908) - Risk: HIGH
2025-10-27 17:35:29,443 - core.detector - WARNING - Screen capture detected: NVIDIA Web Helper.exe (PID: 26524) - Risk: CRITICAL
2025-10-27 17:35:29,466 - core.detector - WARNING - Screen capture detected: Code.exe (PID: 28816) - Risk: HIGH
2025-10-27 17:35:29,487 - core.detector - WARNING - Screen capture detected: Code.exe (PID: 29656) - Risk: CRITICAL
2025-10-27 17:35:38,725 - core.detector - WARNING - Screen capture detected: SnippingTool.exe (PID: 3796) - Risk: HIGH
2025-10-27 17:36:00,157 - core.detector - WARNING - Screen capture detected: SnippingTool.exe (PID: 10552) - Risk: HIGH
2025-10-27 17:36:14,415 - core.detector - INFO - Screen Capture Detector stopped
2025-10-27 17:36:14,419 - gui.main_window - INFO - Monitoring stopped by user
2025-10-27 17:36:14,944 - core.detector - INFO - Monitoring loop started
2025-10-27 17:36:14,945 - core.detector - INFO - Screen Capture Detector started
2025-10-27 17:36:15,068 - gui.main_window - INFO - Monitoring started by user
2025-10-27 17:36:23,358 - core.detector - WARNING - Screen capture detected: SnippingTool.exe (PID: 7728) - Risk: HIGH
2025-10-27 17:36:34,806 - core.detector - INFO - Screen Capture Detector stopped
2025-10-27 17:36:34,809 - gui.main_window - INFO - Monitoring stopped by user
2025-10-27 17:42:07,077 - utils.logger - INFO - Logging system initialized
2025-10-27 17:42:10,435 - core.detector - INFO - Monitoring loop started
2025-10-27 17:42:10,435 - core.detector - INFO - Screen Capture Detector started
2025-10-27 17:42:10,556 - gui.main_window - INFO - Monitoring started by user
2025-10-27 17:42:26,309 - core.detector - INFO - Screen Capture Detector stopped
2025-10-27 17:42:26,315 - gui.main_window - INFO - Monitoring stopped by user
2025-10-27 17:42:30,626 - core.detector - INFO - Detection events cleared
2025-10-27 17:48:17,294 - utils.logger - INFO - Logging system initialized
2025-10-27 17:48:19,727 - core.detector - INFO - Monitoring loop started
2025-10-27 17:48:19,728 - core.detector - INFO - Screen Capture Detector started
2025-10-27 17:48:19,848 - gui.main_window - INFO - Monitoring started by user
2025-10-27 17:48:22,794 - core.detector - INFO - Screen Capture Detector stopped
2025-10-27 17:48:22,797 - gui.main_window - INFO - Monitoring stopped by user
2025-10-27 17:48:25,531 - core.detector - INFO - Detection events cleared
